[2021-07-03 14:14:58] local.ERROR: SQLSTATE[HY000] [1045] Access denied for user 'root'@'localhost' (using password: NO) (SQL: select * from `sessions` where `id` = c8r7f434pKBCPHaDlYEvebplji7rElMTzYZ63tSg limit 1) {"exception":"[object] (Illuminate\\Database\\QueryException(code: 1045): SQLSTATE[HY000] [1045] Access denied for user 'root'@'localhost' (using password: NO) (SQL: select * from `sessions` where `id` = c8r7f434pKBCPHaDlYEvebplji7rElMTzYZ63tSg limit 1) at /home/razu/all-project/crovex_admin/vendor/laravel/framework/src/Illuminate/Database/Connection.php:692)
[stacktrace]
#0 /home/razu/all-project/crovex_admin/vendor/laravel/framework/src/Illuminate/Database/Connection.php(652): Illuminate\\Database\\Connection->runQueryCallback()
#1 /home/razu/all-project/crovex_admin/vendor/laravel/framework/src/Illuminate/Database/Connection.php(360): Illuminate\\Database\\Connection->run()
#2 /home/razu/all-project/crovex_admin/vendor/laravel/framework/src/Illuminate/Database/Query/Builder.php(2351): Illuminate\\Database\\Connection->select()
#3 /home/razu/all-project/crovex_admin/vendor/laravel/framework/src/Illuminate/Database/Query/Builder.php(2339): Illuminate\\Database\\Query\\Builder->runSelect()
#4 /home/razu/all-project/crovex_admin/vendor/laravel/framework/src/Illuminate/Database/Query/Builder.php(2905): Illuminate\\Database\\Query\\Builder->Illuminate\\Database\\Query\\{closure}()
#5 /home/razu/all-project/crovex_admin/vendor/laravel/framework/src/Illuminate/Database/Query/Builder.php(2340): Illuminate\\Database\\Query\\Builder->onceWithColumns()
#6 /home/razu/all-project/crovex_admin/vendor/laravel/framework/src/Illuminate/Database/Concerns/BuildsQueries.php(257): Illuminate\\Database\\Query\\Builder->get()
#7 /home/razu/all-project/crovex_admin/vendor/laravel/framework/src/Illuminate/Database/Query/Builder.php(2314): Illuminate\\Database\\Query\\Builder->first()
#8 /home/razu/all-project/crovex_admin/vendor/laravel/framework/src/Illuminate/Session/DatabaseSessionHandler.php(91): Illuminate\\Database\\Query\\Builder->find()
#9 /home/razu/all-project/crovex_admin/vendor/laravel/framework/src/Illuminate/Session/Store.php(97): Illuminate\\Session\\DatabaseSessionHandler->read()
#10 /home/razu/all-project/crovex_admin/vendor/laravel/framework/src/Illuminate/Session/Store.php(87): Illuminate\\Session\\Store->readFromHandler()
#11 /home/razu/all-project/crovex_admin/vendor/laravel/framework/src/Illuminate/Session/Store.php(71): Illuminate\\Session\\Store->loadSession()
#12 /home/razu/all-project/crovex_admin/vendor/laravel/framework/src/Illuminate/Session/Middleware/StartSession.php(147): Illuminate\\Session\\Store->start()
#13 /home/razu/all-project/crovex_admin/vendor/laravel/framework/src/Illuminate/Support/helpers.php(263): Illuminate\\Session\\Middleware\\StartSession->Illuminate\\Session\\Middleware\\{closure}()
#14 /home/razu/all-project/crovex_admin/vendor/laravel/framework/src/Illuminate/Session/Middleware/StartSession.php(148): tap()
#15 /home/razu/all-project/crovex_admin/vendor/laravel/framework/src/Illuminate/Session/Middleware/StartSession.php(116): Illuminate\\Session\\Middleware\\StartSession->startSession()
#16 /home/razu/all-project/crovex_admin/vendor/laravel/framework/src/Illuminate/Session/Middleware/StartSession.php(64): Illuminate\\Session\\Middleware\\StartSession->handleStatefulRequest()
#17 /home/razu/all-project/crovex_admin/vendor/laravel/framework/src/Illuminate/Pipeline/Pipeline.php(167): Illuminate\\Session\\Middleware\\StartSession->handle()
#18 /home/razu/all-project/crovex_admin/vendor/laravel/framework/src/Illuminate/Cookie/Middleware/AddQueuedCookiesToResponse.php(37): Illuminate\\Pipeline\\Pipeline->Illuminate\\Pipeline\\{closure}()
#19 /home/razu/all-project/crovex_admin/vendor/laravel/framework/src/Illuminate/Pipeline/Pipeline.php(167): Illuminate\\Cookie\\Middleware\\AddQueuedCookiesToResponse->handle()
#20 /home/razu/all-project/crovex_admin/vendor/laravel/framework/src/Illuminate/Cookie/Middleware/EncryptCookies.php(67): Illuminate\\Pipeline\\Pipeline->Illuminate\\Pipeline\\{closure}()
#21 /home/razu/all-project/crovex_admin/vendor/laravel/framework/src/Illuminate/Pipeline/Pipeline.php(167): Illuminate\\Cookie\\Middleware\\EncryptCookies->handle()
#22 /home/razu/all-project/crovex_admin/vendor/laravel/framework/src/Illuminate/Pipeline/Pipeline.php(103): Illuminate\\Pipeline\\Pipeline->Illuminate\\Pipeline\\{closure}()
#23 /home/razu/all-project/crovex_admin/vendor/laravel/framework/src/Illuminate/Routing/Router.php(697): Illuminate\\Pipeline\\Pipeline->then()
#24 /home/razu/all-project/crovex_admin/vendor/laravel/framework/src/Illuminate/Routing/Router.php(672): Illuminate\\Routing\\Router->runRouteWithinStack()
#25 /home/razu/all-project/crovex_admin/vendor/laravel/framework/src/Illuminate/Routing/Router.php(636): Illuminate\\Routing\\Router->runRoute()
#26 /home/razu/all-project/crovex_admin/vendor/laravel/framework/src/Illuminate/Routing/Router.php(625): Illuminate\\Routing\\Router->dispatchToRoute()
#27 /home/razu/all-project/crovex_admin/vendor/laravel/framework/src/Illuminate/Foundation/Http/Kernel.php(166): Illuminate\\Routing\\Router->dispatch()
#28 /home/razu/all-project/crovex_admin/vendor/laravel/framework/src/Illuminate/Pipeline/Pipeline.php(128): Illuminate\\Foundation\\Http\\Kernel->Illuminate\\Foundation\\Http\\{closure}()
#29 /home/razu/all-project/crovex_admin/vendor/laravel/framework/src/Illuminate/Foundation/Http/Middleware/TransformsRequest.php(21): Illuminate\\Pipeline\\Pipeline->Illuminate\\Pipeline\\{closure}()
#30 /home/razu/all-project/crovex_admin/vendor/laravel/framework/src/Illuminate/Foundation/Http/Middleware/ConvertEmptyStringsToNull.php(31): Illuminate\\Foundation\\Http\\Middleware\\TransformsRequest->handle()
#31 /home/razu/all-project/crovex_admin/vendor/laravel/framework/src/Illuminate/Pipeline/Pipeline.php(167): Illuminate\\Foundation\\Http\\Middleware\\ConvertEmptyStringsToNull->handle()
#32 /home/razu/all-project/crovex_admin/vendor/laravel/framework/src/Illuminate/Foundation/Http/Middleware/TransformsRequest.php(21): Illuminate\\Pipeline\\Pipeline->Illuminate\\Pipeline\\{closure}()
#33 /home/razu/all-project/crovex_admin/vendor/laravel/framework/src/Illuminate/Foundation/Http/Middleware/TrimStrings.php(40): Illuminate\\Foundation\\Http\\Middleware\\TransformsRequest->handle()
#34 /home/razu/all-project/crovex_admin/vendor/laravel/framework/src/Illuminate/Pipeline/Pipeline.php(167): Illuminate\\Foundation\\Http\\Middleware\\TrimStrings->handle()
#35 /home/razu/all-project/crovex_admin/vendor/laravel/framework/src/Illuminate/Foundation/Http/Middleware/ValidatePostSize.php(27): Illuminate\\Pipeline\\Pipeline->Illuminate\\Pipeline\\{closure}()
#36 /home/razu/all-project/crovex_admin/vendor/laravel/framework/src/Illuminate/Pipeline/Pipeline.php(167): Illuminate\\Foundation\\Http\\Middleware\\ValidatePostSize->handle()
#37 /home/razu/all-project/crovex_admin/vendor/laravel/framework/src/Illuminate/Foundation/Http/Middleware/PreventRequestsDuringMaintenance.php(86): Illuminate\\Pipeline\\Pipeline->Illuminate\\Pipeline\\{closure}()
#38 /home/razu/all-project/crovex_admin/vendor/laravel/framework/src/Illuminate/Pipeline/Pipeline.php(167): Illuminate\\Foundation\\Http\\Middleware\\PreventRequestsDuringMaintenance->handle()
#39 /home/razu/all-project/crovex_admin/vendor/fruitcake/laravel-cors/src/HandleCors.php(38): Illuminate\\Pipeline\\Pipeline->Illuminate\\Pipeline\\{closure}()
#40 /home/razu/all-project/crovex_admin/vendor/laravel/framework/src/Illuminate/Pipeline/Pipeline.php(167): Fruitcake\\Cors\\HandleCors->handle()
#41 /home/razu/all-project/crovex_admin/vendor/fideloper/proxy/src/TrustProxies.php(57): Illuminate\\Pipeline\\Pipeline->Illuminate\\Pipeline\\{closure}()
#42 /home/razu/all-project/crovex_admin/vendor/laravel/framework/src/Illuminate/Pipeline/Pipeline.php(167): Fideloper\\Proxy\\TrustProxies->handle()
#43 /home/razu/all-project/crovex_admin/vendor/laravel/framework/src/Illuminate/Pipeline/Pipeline.php(103): Illuminate\\Pipeline\\Pipeline->Illuminate\\Pipeline\\{closure}()
#44 /home/razu/all-project/crovex_admin/vendor/laravel/framework/src/Illuminate/Foundation/Http/Kernel.php(141): Illuminate\\Pipeline\\Pipeline->then()
#45 /home/razu/all-project/crovex_admin/vendor/laravel/framework/src/Illuminate/Foundation/Http/Kernel.php(110): Illuminate\\Foundation\\Http\\Kernel->sendRequestThroughRouter()
#46 /home/razu/all-project/crovex_admin/public/index.php(52): Illuminate\\Foundation\\Http\\Kernel->handle()
#47 /home/razu/all-project/crovex_admin/server.php(21): require_once('/home/razu/all-...')
#48 {main}

[previous exception] [object] (PDOException(code: 1045): SQLSTATE[HY000] [1045] Access denied for user 'root'@'localhost' (using password: NO) at /home/razu/all-project/crovex_admin/vendor/laravel/framework/src/Illuminate/Database/Connectors/Connector.php:70)
[stacktrace]
#0 /home/razu/all-project/crovex_admin/vendor/laravel/framework/src/Illuminate/Database/Connectors/Connector.php(70): PDO->__construct()
#1 /home/razu/all-project/crovex_admin/vendor/laravel/framework/src/Illuminate/Database/Connectors/Connector.php(46): Illuminate\\Database\\Connectors\\Connector->createPdoConnection()
#2 /home/razu/all-project/crovex_admin/vendor/laravel/framework/src/Illuminate/Database/Connectors/MySqlConnector.php(24): Illuminate\\Database\\Connectors\\Connector->createConnection()
#3 /home/razu/all-project/crovex_admin/vendor/laravel/framework/src/Illuminate/Database/Connectors/ConnectionFactory.php(184): Illuminate\\Database\\Connectors\\MySqlConnector->connect()
#4 [internal function]: Illuminate\\Database\\Connectors\\ConnectionFactory->Illuminate\\Database\\Connectors\\{closure}()
#5 /home/razu/all-project/crovex_admin/vendor/laravel/framework/src/Illuminate/Database/Connection.php(999): call_user_func()
#6 /home/razu/all-project/crovex_admin/vendor/laravel/framework/src/Illuminate/Database/Connection.php(1035): Illuminate\\Database\\Connection->getPdo()
#7 /home/razu/all-project/crovex_admin/vendor/laravel/framework/src/Illuminate/Database/Connection.php(426): Illuminate\\Database\\Connection->getReadPdo()
#8 /home/razu/all-project/crovex_admin/vendor/laravel/framework/src/Illuminate/Database/Connection.php(352): Illuminate\\Database\\Connection->getPdoForSelect()
#9 /home/razu/all-project/crovex_admin/vendor/laravel/framework/src/Illuminate/Database/Connection.php(685): Illuminate\\Database\\Connection->Illuminate\\Database\\{closure}()
#10 /home/razu/all-project/crovex_admin/vendor/laravel/framework/src/Illuminate/Database/Connection.php(652): Illuminate\\Database\\Connection->runQueryCallback()
#11 /home/razu/all-project/crovex_admin/vendor/laravel/framework/src/Illuminate/Database/Connection.php(360): Illuminate\\Database\\Connection->run()
#12 /home/razu/all-project/crovex_admin/vendor/laravel/framework/src/Illuminate/Database/Query/Builder.php(2351): Illuminate\\Database\\Connection->select()
#13 /home/razu/all-project/crovex_admin/vendor/laravel/framework/src/Illuminate/Database/Query/Builder.php(2339): Illuminate\\Database\\Query\\Builder->runSelect()
#14 /home/razu/all-project/crovex_admin/vendor/laravel/framework/src/Illuminate/Database/Query/Builder.php(2905): Illuminate\\Database\\Query\\Builder->Illuminate\\Database\\Query\\{closure}()
#15 /home/razu/all-project/crovex_admin/vendor/laravel/framework/src/Illuminate/Database/Query/Builder.php(2340): Illuminate\\Database\\Query\\Builder->onceWithColumns()
#16 /home/razu/all-project/crovex_admin/vendor/laravel/framework/src/Illuminate/Database/Concerns/BuildsQueries.php(257): Illuminate\\Database\\Query\\Builder->get()
#17 /home/razu/all-project/crovex_admin/vendor/laravel/framework/src/Illuminate/Database/Query/Builder.php(2314): Illuminate\\Database\\Query\\Builder->first()
#18 /home/razu/all-project/crovex_admin/vendor/laravel/framework/src/Illuminate/Session/DatabaseSessionHandler.php(91): Illuminate\\Database\\Query\\Builder->find()
#19 /home/razu/all-project/crovex_admin/vendor/laravel/framework/src/Illuminate/Session/Store.php(97): Illuminate\\Session\\DatabaseSessionHandler->read()
#20 /home/razu/all-project/crovex_admin/vendor/laravel/framework/src/Illuminate/Session/Store.php(87): Illuminate\\Session\\Store->readFromHandler()
#21 /home/razu/all-project/crovex_admin/vendor/laravel/framework/src/Illuminate/Session/Store.php(71): Illuminate\\Session\\Store->loadSession()
#22 /home/razu/all-project/crovex_admin/vendor/laravel/framework/src/Illuminate/Session/Middleware/StartSession.php(147): Illuminate\\Session\\Store->start()
#23 /home/razu/all-project/crovex_admin/vendor/laravel/framework/src/Illuminate/Support/helpers.php(263): Illuminate\\Session\\Middleware\\StartSession->Illuminate\\Session\\Middleware\\{closure}()
#24 /home/razu/all-project/crovex_admin/vendor/laravel/framework/src/Illuminate/Session/Middleware/StartSession.php(148): tap()
#25 /home/razu/all-project/crovex_admin/vendor/laravel/framework/src/Illuminate/Session/Middleware/StartSession.php(116): Illuminate\\Session\\Middleware\\StartSession->startSession()
#26 /home/razu/all-project/crovex_admin/vendor/laravel/framework/src/Illuminate/Session/Middleware/StartSession.php(64): Illuminate\\Session\\Middleware\\StartSession->handleStatefulRequest()
#27 /home/razu/all-project/crovex_admin/vendor/laravel/framework/src/Illuminate/Pipeline/Pipeline.php(167): Illuminate\\Session\\Middleware\\StartSession->handle()
#28 /home/razu/all-project/crovex_admin/vendor/laravel/framework/src/Illuminate/Cookie/Middleware/AddQueuedCookiesToResponse.php(37): Illuminate\\Pipeline\\Pipeline->Illuminate\\Pipeline\\{closure}()
#29 /home/razu/all-project/crovex_admin/vendor/laravel/framework/src/Illuminate/Pipeline/Pipeline.php(167): Illuminate\\Cookie\\Middleware\\AddQueuedCookiesToResponse->handle()
#30 /home/razu/all-project/crovex_admin/vendor/laravel/framework/src/Illuminate/Cookie/Middleware/EncryptCookies.php(67): Illuminate\\Pipeline\\Pipeline->Illuminate\\Pipeline\\{closure}()
#31 /home/razu/all-project/crovex_admin/vendor/laravel/framework/src/Illuminate/Pipeline/Pipeline.php(167): Illuminate\\Cookie\\Middleware\\EncryptCookies->handle()
#32 /home/razu/all-project/crovex_admin/vendor/laravel/framework/src/Illuminate/Pipeline/Pipeline.php(103): Illuminate\\Pipeline\\Pipeline->Illuminate\\Pipeline\\{closure}()
#33 /home/razu/all-project/crovex_admin/vendor/laravel/framework/src/Illuminate/Routing/Router.php(697): Illuminate\\Pipeline\\Pipeline->then()
#34 /home/razu/all-project/crovex_admin/vendor/laravel/framework/src/Illuminate/Routing/Router.php(672): Illuminate\\Routing\\Router->runRouteWithinStack()
#35 /home/razu/all-project/crovex_admin/vendor/laravel/framework/src/Illuminate/Routing/Router.php(636): Illuminate\\Routing\\Router->runRoute()
#36 /home/razu/all-project/crovex_admin/vendor/laravel/framework/src/Illuminate/Routing/Router.php(625): Illuminate\\Routing\\Router->dispatchToRoute()
#37 /home/razu/all-project/crovex_admin/vendor/laravel/framework/src/Illuminate/Foundation/Http/Kernel.php(166): Illuminate\\Routing\\Router->dispatch()
#38 /home/razu/all-project/crovex_admin/vendor/laravel/framework/src/Illuminate/Pipeline/Pipeline.php(128): Illuminate\\Foundation\\Http\\Kernel->Illuminate\\Foundation\\Http\\{closure}()
#39 /home/razu/all-project/crovex_admin/vendor/laravel/framework/src/Illuminate/Foundation/Http/Middleware/TransformsRequest.php(21): Illuminate\\Pipeline\\Pipeline->Illuminate\\Pipeline\\{closure}()
#40 /home/razu/all-project/crovex_admin/vendor/laravel/framework/src/Illuminate/Foundation/Http/Middleware/ConvertEmptyStringsToNull.php(31): Illuminate\\Foundation\\Http\\Middleware\\TransformsRequest->handle()
#41 /home/razu/all-project/crovex_admin/vendor/laravel/framework/src/Illuminate/Pipeline/Pipeline.php(167): Illuminate\\Foundation\\Http\\Middleware\\ConvertEmptyStringsToNull->handle()
#42 /home/razu/all-project/crovex_admin/vendor/laravel/framework/src/Illuminate/Foundation/Http/Middleware/TransformsRequest.php(21): Illuminate\\Pipeline\\Pipeline->Illuminate\\Pipeline\\{closure}()
#43 /home/razu/all-project/crovex_admin/vendor/laravel/framework/src/Illuminate/Foundation/Http/Middleware/TrimStrings.php(40): Illuminate\\Foundation\\Http\\Middleware\\TransformsRequest->handle()
#44 /home/razu/all-project/crovex_admin/vendor/laravel/framework/src/Illuminate/Pipeline/Pipeline.php(167): Illuminate\\Foundation\\Http\\Middleware\\TrimStrings->handle()
#45 /home/razu/all-project/crovex_admin/vendor/laravel/framework/src/Illuminate/Foundation/Http/Middleware/ValidatePostSize.php(27): Illuminate\\Pipeline\\Pipeline->Illuminate\\Pipeline\\{closure}()
#46 /home/razu/all-project/crovex_admin/vendor/laravel/framework/src/Illuminate/Pipeline/Pipeline.php(167): Illuminate\\Foundation\\Http\\Middleware\\ValidatePostSize->handle()
#47 /home/razu/all-project/crovex_admin/vendor/laravel/framework/src/Illuminate/Foundation/Http/Middleware/PreventRequestsDuringMaintenance.php(86): Illuminate\\Pipeline\\Pipeline->Illuminate\\Pipeline\\{closure}()
#48 /home/razu/all-project/crovex_admin/vendor/laravel/framework/src/Illuminate/Pipeline/Pipeline.php(167): Illuminate\\Foundation\\Http\\Middleware\\PreventRequestsDuringMaintenance->handle()
#49 /home/razu/all-project/crovex_admin/vendor/fruitcake/laravel-cors/src/HandleCors.php(38): Illuminate\\Pipeline\\Pipeline->Illuminate\\Pipeline\\{closure}()
#50 /home/razu/all-project/crovex_admin/vendor/laravel/framework/src/Illuminate/Pipeline/Pipeline.php(167): Fruitcake\\Cors\\HandleCors->handle()
#51 /home/razu/all-project/crovex_admin/vendor/fideloper/proxy/src/TrustProxies.php(57): Illuminate\\Pipeline\\Pipeline->Illuminate\\Pipeline\\{closure}()
#52 /home/razu/all-project/crovex_admin/vendor/laravel/framework/src/Illuminate/Pipeline/Pipeline.php(167): Fideloper\\Proxy\\TrustProxies->handle()
#53 /home/razu/all-project/crovex_admin/vendor/laravel/framework/src/Illuminate/Pipeline/Pipeline.php(103): Illuminate\\Pipeline\\Pipeline->Illuminate\\Pipeline\\{closure}()
#54 /home/razu/all-project/crovex_admin/vendor/laravel/framework/src/Illuminate/Foundation/Http/Kernel.php(141): Illuminate\\Pipeline\\Pipeline->then()
#55 /home/razu/all-project/crovex_admin/vendor/laravel/framework/src/Illuminate/Foundation/Http/Kernel.php(110): Illuminate\\Foundation\\Http\\Kernel->sendRequestThroughRouter()
#56 /home/razu/all-project/crovex_admin/public/index.php(52): Illuminate\\Foundation\\Http\\Kernel->handle()
#57 /home/razu/all-project/crovex_admin/server.php(21): require_once('/home/razu/all-...')
#58 {main}
"} 
